Arguments: 
  /Users/amy/n/bin/node /Users/amy/n/bin/yarn install

PATH: 
  /usr/local/bin:/usr/bin:/bin:/usr/sbin:/sbin:/opt/X11/bin:/Library/Frameworks/Mono.framework/Versions/Current/Commands:/Users/amy/go/bin:/Users/amy/.local/bin:/Users/amy/n/bin

Yarn version: 
  1.5.1

Node version: 
  6.11.5

Platform: 
  darwin x64

npm manifest: 
  {
    "name": "the-analysts-dashboard",
    "version": "1.0.0",
    "main": "index.js",
    "repository": "git@github.com:apottr/the-analysts-dashboard.git",
    "license": "MIT",
    "dependencies": {
      "babel-core": "^6.26.3",
      "babel-loader": "^7.1.4",
      "babel-preset-react": "^6.24.1",
      "css-loader": "^0.28.11",
      "react": "^16.4.1",
      "react-dom": "^16.4.1",
      "react-router-dom": "^4.3.1",
      "resolve-url-loader": "^2.3.0",
      "semantic-ui-react": "^0.81.3",
      "style-loader": "^0.21.0",
      "webpack": "^4.12.1"
    },
    "devDependencies": {
      "webpack-cli": "^3.0.8"
    }
  }
  }

yarn manifest: 
  No manifest

Lockfile: 
  No lockfile

Trace: 
  SyntaxError: /Users/amy/the-analysts-dashboard/package.json: Unexpected token } in JSON at position 592
      at Object.parse (native)
      at /Users/amy/n/lib/node_modules/yarn/lib/cli.js:1036:59
      at next (native)
      at step (/Users/amy/n/lib/node_modules/yarn/lib/cli.js:98:30)
      at /Users/amy/n/lib/node_modules/yarn/lib/cli.js:109:13
